Determining if the pthread_create exist failed with the following output:
Change Dir: /workspace/home/SFND_Lidar_Obstacle_Detection/build/CMakeFiles/CMakeTmp

Run Build Command:"/usr/bin/make" "cmTC_48bab/fast"
/usr/bin/make -f CMakeFiles/cmTC_48bab.dir/build.make CMakeFiles/cmTC_48bab.dir/build
make[1]: Entering directory '/workspace/home/SFND_Lidar_Obstacle_Detection/build/CMakeFiles/CMakeTmp'
Building C object CMakeFiles/cmTC_48bab.dir/CheckSymbolExists.c.o
/usr/bin/cc    -o CMakeFiles/cmTC_48bab.dir/CheckSymbolExists.c.o   -c /workspace/home/SFND_Lidar_Obstacle_Detection/build/CMakeFiles/CMakeTmp/CheckSymbolExists.c
Linking C executable cmTC_48bab
/usr/local/bin/cmake -E cmake_link_script CMakeFiles/cmTC_48bab.dir/link.txt --verbose=1
/usr/bin/cc      -rdynamic CMakeFiles/cmTC_48bab.dir/CheckSymbolExists.c.o  -o cmTC_48bab 
CMakeFiles/cmTC_48bab.dir/CheckSymbolExists.c.o: In function `main':
CheckSymbolExists.c:(.text+0x16): undefined reference to `pthread_create'
collect2: error: ld returned 1 exit status
CMakeFiles/cmTC_48bab.dir/build.make:86: recipe for target 'cmTC_48bab' failed
make[1]: *** [cmTC_48bab] Error 1
make[1]: Leaving directory '/workspace/home/SFND_Lidar_Obstacle_Detection/build/CMakeFiles/CMakeTmp'
Makefile:121: recipe for target 'cmTC_48bab/fast' failed
make: *** [cmTC_48bab/fast] Error 2

File /workspace/home/SFND_Lidar_Obstacle_Detection/build/CMakeFiles/CMakeTmp/CheckSymbolExists.c:
/* */
#include <pthread.h>

int main(int argc, char** argv)
{
  (void)argv;
#ifndef pthread_create
  return ((int*)(&pthread_create))[argc];
#else
  (void)argc;
  return 0;
#endif
}

Determining if the function pthread_create exists in the pthreads failed with the following output:
Change Dir: /workspace/home/SFND_Lidar_Obstacle_Detection/build/CMakeFiles/CMakeTmp

Run Build Command:"/usr/bin/make" "cmTC_d255c/fast"
/usr/bin/make -f CMakeFiles/cmTC_d255c.dir/build.make CMakeFiles/cmTC_d255c.dir/build
make[1]: Entering directory '/workspace/home/SFND_Lidar_Obstacle_Detection/build/CMakeFiles/CMakeTmp'
Building C object CMakeFiles/cmTC_d255c.dir/CheckFunctionExists.c.o
/usr/bin/cc   -DCHECK_FUNCTION_EXISTS=pthread_create   -o CMakeFiles/cmTC_d255c.dir/CheckFunctionExists.c.o   -c /usr/local/share/cmake-3.13/Modules/CheckFunctionExists.c
Linking C executable cmTC_d255c
/usr/local/bin/cmake -E cmake_link_script CMakeFiles/cmTC_d255c.dir/link.txt --verbose=1
/usr/bin/cc  -DCHECK_FUNCTION_EXISTS=pthread_create    -rdynamic CMakeFiles/cmTC_d255c.dir/CheckFunctionExists.c.o  -o cmTC_d255c -lpthreads 
/usr/bin/ld: cannot find -lpthreads
collect2: error: ld returned 1 exit status
CMakeFiles/cmTC_d255c.dir/build.make:86: recipe for target 'cmTC_d255c' failed
make[1]: *** [cmTC_d255c] Error 1
make[1]: Leaving directory '/workspace/home/SFND_Lidar_Obstacle_Detection/build/CMakeFiles/CMakeTmp'
Makefile:121: recipe for target 'cmTC_d255c/fast' failed
make: *** [cmTC_d255c/fast] Error 2


